# JRE version: OpenJDK Runtime Environment (8.0_152-b01) (build 1.8.0_152-release-915-b01)
# Java VM: OpenJDK 64-Bit Server VM (25.152-b01 mixed mode windows-amd64 compressed oops)
Heap:
 PSYoungGen      total 175104K, used 175102K [0x00000000e0000000, 0x00000000ee200000, 0x0000000100000000)
  eden space 157696K, 100% used [0x00000000e0000000,0x00000000e9a00000,0x00000000e9a00000)
  from space 17408K, 99% used [0x00000000eb180000,0x00000000ec27fbb8,0x00000000ec280000)
  to   space 24064K, 69% used [0x00000000e9a00000,0x00000000eaa408e8,0x00000000eb180000)
 ParOldGen       total 100864K, used 34371K [0x00000000a0000000, 0x00000000a6280000, 0x00000000e0000000)
  object space 100864K, 34% used [0x00000000a0000000,0x00000000a2190ca8,0x00000000a6280000)
 Metaspace       used 56122K, capacity 58320K, committed 58456K, reserved 1099776K
  class space    used 7667K, capacity 8235K, committed 8320K, reserved 1048576K
GC Heap History (10 events):
Event: 12.116 GC heap after
Heap after GC invocations=8 (full 1):
 PSYoungGen      total 108032K, used 10525K [0x00000000e0000000, 0x00000000e9c80000, 0x0000000100000000)
  eden space 96768K, 0% used [0x00000000e0000000,0x00000000e0000000,0x00000000e5e80000)
  from space 11264K, 93% used [0x00000000e5e80000,0x00000000e68c77d8,0x00000000e6980000)
  to   space 12288K, 0% used [0x00000000e9080000,0x00000000e9080000,0x00000000e9c80000)
 ParOldGen       total 63488K, used 10722K [0x00000000a0000000, 0x00000000a3e00000, 0x00000000e0000000)
  object space 63488K, 16% used [0x00000000a0000000,0x00000000a0a78bf8,0x00000000a3e00000)
 Metaspace       used 34470K, capacity 35176K, committed 35416K, reserved 1079296K
  class space    used 4695K, capacity 4970K, committed 4992K, reserved 1048576K
}
Event: 12.117 GC heap before
{Heap before GC invocations=9 (full 2):
 PSYoungGen      total 108032K, used 10525K [0x00000000e0000000, 0x00000000e9c80000, 0x0000000100000000)
  eden space 96768K, 0% used [0x00000000e0000000,0x00000000e0000000,0x00000000e5e80000)
  from space 11264K, 93% used [0x00000000e5e80000,0x00000000e68c77d8,0x00000000e6980000)
  to   space 12288K, 0% used [0x00000000e9080000,0x00000000e9080000,0x00000000e9c80000)
 ParOldGen       total 63488K, used 10722K [0x00000000a0000000, 0x00000000a3e00000, 0x00000000e0000000)
  object space 63488K, 16% used [0x00000000a0000000,0x00000000a0a78bf8,0x00000000a3e00000)
 Metaspace       used 34470K, capacity 35176K, committed 35416K, reserved 1079296K
  class space    used 4695K, capacity 4970K, committed 4992K, reserved 1048576K
Event: 12.218 GC heap after
Heap after GC invocations=9 (full 2):
 PSYoungGen      total 108032K, used 0K [0x00000000e0000000, 0x00000000e9c80000, 0x0000000100000000)
  eden space 96768K, 0% used [0x00000000e0000000,0x00000000e0000000,0x00000000e5e80000)
  from space 11264K, 0% used [0x00000000e5e80000,0x00000000e5e80000,0x00000000e6980000)
  to   space 12288K, 0% used [0x00000000e9080000,0x00000000e9080000,0x00000000e9c80000)
 ParOldGen       total 100864K, used 16530K [0x00000000a0000000, 0x00000000a6280000, 0x00000000e0000000)
  object space 100864K, 16% used [0x00000000a0000000,0x00000000a1024a40,0x00000000a6280000)
 Metaspace       used 34470K, capacity 35176K, committed 35416K, reserved 1079296K
  class space    used 4695K, capacity 4970K, committed 4992K, reserved 1048576K
}
Event: 14.660 GC heap before
{Heap before GC invocations=10 (full 2):
 PSYoungGen      total 108032K, used 96768K [0x00000000e0000000, 0x00000000e9c80000, 0x0000000100000000)
  eden space 96768K, 100% used [0x00000000e0000000,0x00000000e5e80000,0x00000000e5e80000)
  from space 11264K, 0% used [0x00000000e5e80000,0x00000000e5e80000,0x00000000e6980000)
  to   space 12288K, 0% used [0x00000000e9080000,0x00000000e9080000,0x00000000e9c80000)
 ParOldGen       total 100864K, used 16530K [0x00000000a0000000, 0x00000000a6280000, 0x00000000e0000000)
  object space 100864K, 16% used [0x00000000a0000000,0x00000000a1024a40,0x00000000a6280000)
 Metaspace       used 41706K, capacity 42516K, committed 42840K, reserved 1085440K
  class space    used 5561K, capacity 5911K, committed 6016K, reserved 1048576K
Event: 14.673 GC heap after
Heap after GC invocations=10 (full 2):
 PSYoungGen      total 144896K, used 10770K [0x00000000e0000000, 0x00000000e9c00000, 0x0000000100000000)
  eden space 133120K, 0% used [0x00000000e0000000,0x00000000e0000000,0x00000000e8200000)
  from space 11776K, 91% used [0x00000000e9080000,0x00000000e9b04858,0x00000000e9c00000)
  to   space 13312K, 0% used [0x00000000e8200000,0x00000000e8200000,0x00000000e8f00000)
 ParOldGen       total 100864K, used 16538K [0x00000000a0000000, 0x00000000a6280000, 0x00000000e0000000)
  object space 100864K, 16% used [0x00000000a0000000,0x00000000a1026a40,0x00000000a6280000)
 Metaspace       used 41706K, capacity 42516K, committed 42840K, reserved 1085440K
  class space    used 5561K, capacity 5911K, committed 6016K, reserved 1048576K
}
Event: 18.415 GC heap before
{Heap before GC invocations=11 (full 2):
 PSYoungGen      total 144896K, used 143890K [0x00000000e0000000, 0x00000000e9c00000, 0x0000000100000000)
  eden space 133120K, 100% used [0x00000000e0000000,0x00000000e8200000,0x00000000e8200000)
  from space 11776K, 91% used [0x00000000e9080000,0x00000000e9b04858,0x00000000e9c00000)
  to   space 13312K, 0% used [0x00000000e8200000,0x00000000e8200000,0x00000000e8f00000)
 ParOldGen       total 100864K, used 16538K [0x00000000a0000000, 0x00000000a6280000, 0x00000000e0000000)
  object space 100864K, 16% used [0x00000000a0000000,0x00000000a1026a40,0x00000000a6280000)
 Metaspace       used 51893K, capacity 53488K, committed 53592K, reserved 1095680K
  class space    used 7023K, capacity 7509K, committed 7552K, reserved 1048576K
Event: 18.451 GC heap after
Heap after GC invocations=11 (full 2):
 PSYoungGen      total 146432K, used 13294K [0x00000000e0000000, 0x00000000ec280000, 0x0000000100000000)
  eden space 133120K, 0% used [0x00000000e0000000,0x00000000e0000000,0x00000000e8200000)
  from space 13312K, 99% used [0x00000000e8200000,0x00000000e8efbbc8,0x00000000e8f00000)
  to   space 17408K, 0% used [0x00000000eb180000,0x00000000eb180000,0x00000000ec280000)
 ParOldGen       total 100864K, used 22369K [0x00000000a0000000, 0x00000000a6280000, 0x00000000e0000000)
  object space 100864K, 22% used [0x00000000a0000000,0x00000000a15d8548,0x00000000a6280000)
 Metaspace       used 51893K, capacity 53488K, committed 53592K, reserved 1095680K
  class space    used 7023K, capacity 7509K, committed 7552K, reserved 1048576K
}
Event: 20.629 GC heap before
{Heap before GC invocations=12 (full 2):
 PSYoungGen      total 146432K, used 146414K [0x00000000e0000000, 0x00000000ec280000, 0x0000000100000000)
  eden space 133120K, 100% used [0x00000000e0000000,0x00000000e8200000,0x00000000e8200000)
  from space 13312K, 99% used [0x00000000e8200000,0x00000000e8efbbc8,0x00000000e8f00000)
  to   space 17408K, 0% used [0x00000000eb180000,0x00000000eb180000,0x00000000ec280000)
 ParOldGen       total 100864K, used 22369K [0x00000000a0000000, 0x00000000a6280000, 0x00000000e0000000)
  object space 100864K, 22% used [0x00000000a0000000,0x00000000a15d8548,0x00000000a6280000)
 Metaspace       used 54683K, capacity 56838K, committed 57048K, reserved 1097728K
  class space    used 7525K, capacity 8124K, committed 8192K, reserved 1048576K
Event: 20.776 GC heap after
Heap after GC invocations=12 (full 2):
 PSYoungGen      total 175104K, used 17406K [0x00000000e0000000, 0x00000000ee200000, 0x0000000100000000)
  eden space 157696K, 0% used [0x00000000e0000000,0x00000000e0000000,0x00000000e9a00000)
  from space 17408K, 99% used [0x00000000eb180000,0x00000000ec27fbb8,0x00000000ec280000)
  to   space 24064K, 0% used [0x00000000e9a00000,0x00000000e9a00000,0x00000000eb180000)
 ParOldGen       total 100864K, used 34371K [0x00000000a0000000, 0x00000000a6280000, 0x00000000e0000000)
  object space 100864K, 34% used [0x00000000a0000000,0x00000000a2190ca8,0x00000000a6280000)
 Metaspace       used 54683K, capacity 56838K, committed 57048K, reserved 1097728K
  class space    used 7525K, capacity 8124K, committed 8192K, reserved 1048576K
}
Event: 25.312 GC heap before
{Heap before GC invocations=13 (full 2):
 PSYoungGen      total 175104K, used 175102K [0x00000000e0000000, 0x00000000ee200000, 0x0000000100000000)
  eden space 157696K, 100% used [0x00000000e0000000,0x00000000e9a00000,0x00000000e9a00000)
  from space 17408K, 99% used [0x00000000eb180000,0x00000000ec27fbb8,0x00000000ec280000)
  to   space 24064K, 0% used [0x00000000e9a00000,0x00000000e9a00000,0x00000000eb180000)
 ParOldGen       total 100864K, used 34371K [0x00000000a0000000, 0x00000000a6280000, 0x00000000e0000000)
  object space 100864K, 34% used [0x00000000a0000000,0x00000000a2190ca8,0x00000000a6280000)
 Metaspace       used 56122K, capacity 58320K, committed 58456K, reserved 1099776K
  class space    used 7667K, capacity 8235K, committed 8320K, reserved 1048576K

