# JRE version: OpenJDK Runtime Environment (8.0_152-b01) (build 1.8.0_152-release-915-b01)
# Java VM: OpenJDK 64-Bit Server VM (25.152-b01 mixed mode windows-amd64 compressed oops)
Heap:
 PSYoungGen      total 304128K, used 207550K [0x00000000e0000000, 0x00000000f6100000, 0x0000000100000000)
  eden space 264192K, 67% used [0x00000000e0000000,0x00000000ead984a0,0x00000000f0200000)
  from space 39936K, 74% used [0x00000000f0200000,0x00000000f1f17530,0x00000000f2900000)
  to   space 41984K, 0% used [0x00000000f3800000,0x00000000f3800000,0x00000000f6100000)
 ParOldGen       total 209920K, used 85715K [0x00000000a0000000, 0x00000000acd00000, 0x00000000e0000000)
  object space 209920K, 40% used [0x00000000a0000000,0x00000000a53b4ea0,0x00000000acd00000)
 Metaspace       used 83730K, capacity 90860K, committed 91156K, reserved 1128448K
  class space    used 10443K, capacity 12015K, committed 12092K, reserved 1048576K
GC Heap History (10 events):
Event: 2356.218 GC heap before
{Heap before GC invocations=85 (full 4):
 PSYoungGen      total 273920K, used 255296K [0x00000000e0000000, 0x00000000f3300000, 0x0000000100000000)
  eden space 235520K, 99% used [0x00000000e0000000,0x00000000ee52c8a8,0x00000000ee600000)
  from space 38400K, 53% used [0x00000000f0d80000,0x00000000f21a3ae8,0x00000000f3300000)
  to   space 39424K, 0% used [0x00000000ee600000,0x00000000ee600000,0x00000000f0c80000)
 ParOldGen       total 209920K, used 85019K [0x00000000a0000000, 0x00000000acd00000, 0x00000000e0000000)
  object space 209920K, 40% used [0x00000000a0000000,0x00000000a5306e38,0x00000000acd00000)
 Metaspace       used 83418K, capacity 90308K, committed 90644K, reserved 1128448K
  class space    used 10403K, capacity 11907K, committed 12092K, reserved 1048576K
Event: 2356.237 GC heap after
Heap after GC invocations=85 (full 4):
 PSYoungGen      total 274944K, used 19876K [0x00000000e0000000, 0x00000000f4380000, 0x0000000100000000)
  eden space 235520K, 0% used [0x00000000e0000000,0x00000000e0000000,0x00000000ee600000)
  from space 39424K, 50% used [0x00000000ee600000,0x00000000ef969028,0x00000000f0c80000)
  to   space 38400K, 0% used [0x00000000f1e00000,0x00000000f1e00000,0x00000000f4380000)
 ParOldGen       total 209920K, used 85019K [0x00000000a0000000, 0x00000000acd00000, 0x00000000e0000000)
  object space 209920K, 40% used [0x00000000a0000000,0x00000000a5306e38,0x00000000acd00000)
 Metaspace       used 83418K, capacity 90308K, committed 90644K, reserved 1128448K
  class space    used 10403K, capacity 11907K, committed 12092K, reserved 1048576K
}
Event: 2484.945 GC heap before
{Heap before GC invocations=86 (full 4):
 PSYoungGen      total 274944K, used 255396K [0x00000000e0000000, 0x00000000f4380000, 0x0000000100000000)
  eden space 235520K, 100% used [0x00000000e0000000,0x00000000ee600000,0x00000000ee600000)
  from space 39424K, 50% used [0x00000000ee600000,0x00000000ef969028,0x00000000f0c80000)
  to   space 38400K, 0% used [0x00000000f1e00000,0x00000000f1e00000,0x00000000f4380000)
 ParOldGen       total 209920K, used 85019K [0x00000000a0000000, 0x00000000acd00000, 0x00000000e0000000)
  object space 209920K, 40% used [0x00000000a0000000,0x00000000a5306e38,0x00000000acd00000)
 Metaspace       used 83504K, capacity 90460K, committed 90644K, reserved 1128448K
  class space    used 10417K, capacity 11951K, committed 12092K, reserved 1048576K
Event: 2484.975 GC heap after
Heap after GC invocations=86 (full 4):
 PSYoungGen      total 287744K, used 35600K [0x00000000e0000000, 0x00000000f4a80000, 0x0000000100000000)
  eden space 249344K, 0% used [0x00000000e0000000,0x00000000e0000000,0x00000000ef380000)
  from space 38400K, 92% used [0x00000000f1e00000,0x00000000f40c4060,0x00000000f4380000)
  to   space 43520K, 0% used [0x00000000ef380000,0x00000000ef380000,0x00000000f1e00000)
 ParOldGen       total 209920K, used 85523K [0x00000000a0000000, 0x00000000acd00000, 0x00000000e0000000)
  object space 209920K, 40% used [0x00000000a0000000,0x00000000a5384e90,0x00000000acd00000)
 Metaspace       used 83504K, capacity 90460K, committed 90644K, reserved 1128448K
  class space    used 10417K, capacity 11951K, committed 12092K, reserved 1048576K
}
Event: 2489.158 GC heap before
{Heap before GC invocations=87 (full 4):
 PSYoungGen      total 287744K, used 284944K [0x00000000e0000000, 0x00000000f4a80000, 0x0000000100000000)
  eden space 249344K, 100% used [0x00000000e0000000,0x00000000ef380000,0x00000000ef380000)
  from space 38400K, 92% used [0x00000000f1e00000,0x00000000f40c4060,0x00000000f4380000)
  to   space 43520K, 0% used [0x00000000ef380000,0x00000000ef380000,0x00000000f1e00000)
 ParOldGen       total 209920K, used 85523K [0x00000000a0000000, 0x00000000acd00000, 0x00000000e0000000)
  object space 209920K, 40% used [0x00000000a0000000,0x00000000a5384e90,0x00000000acd00000)
 Metaspace       used 83547K, capacity 90524K, committed 90900K, reserved 1128448K
  class space    used 10418K, capacity 11951K, committed 12092K, reserved 1048576K
Event: 2489.170 GC heap after
Heap after GC invocations=87 (full 4):
 PSYoungGen      total 292864K, used 12383K [0x00000000e0000000, 0x00000000f5580000, 0x0000000100000000)
  eden space 249344K, 0% used [0x00000000e0000000,0x00000000e0000000,0x00000000ef380000)
  from space 43520K, 28% used [0x00000000ef380000,0x00000000eff97d48,0x00000000f1e00000)
  to   space 41984K, 0% used [0x00000000f2c80000,0x00000000f2c80000,0x00000000f5580000)
 ParOldGen       total 209920K, used 85651K [0x00000000a0000000, 0x00000000acd00000, 0x00000000e0000000)
  object space 209920K, 40% used [0x00000000a0000000,0x00000000a53a4ea0,0x00000000acd00000)
 Metaspace       used 83547K, capacity 90524K, committed 90900K, reserved 1128448K
  class space    used 10418K, capacity 11951K, committed 12092K, reserved 1048576K
}
Event: 2494.798 GC heap before
{Heap before GC invocations=88 (full 4):
 PSYoungGen      total 292864K, used 261727K [0x00000000e0000000, 0x00000000f5580000, 0x0000000100000000)
  eden space 249344K, 100% used [0x00000000e0000000,0x00000000ef380000,0x00000000ef380000)
  from space 43520K, 28% used [0x00000000ef380000,0x00000000eff97d48,0x00000000f1e00000)
  to   space 41984K, 0% used [0x00000000f2c80000,0x00000000f2c80000,0x00000000f5580000)
 ParOldGen       total 209920K, used 85651K [0x00000000a0000000, 0x00000000acd00000, 0x00000000e0000000)
  object space 209920K, 40% used [0x00000000a0000000,0x00000000a53a4ea0,0x00000000acd00000)
 Metaspace       used 83581K, capacity 90556K, committed 90900K, reserved 1128448K
  class space    used 10420K, capacity 11955K, committed 12092K, reserved 1048576K
Event: 2494.810 GC heap after
Heap after GC invocations=88 (full 4):
 PSYoungGen      total 300544K, used 16108K [0x00000000e0000000, 0x00000000f5000000, 0x0000000100000000)
  eden space 264192K, 0% used [0x00000000e0000000,0x00000000e0000000,0x00000000f0200000)
  from space 36352K, 44% used [0x00000000f2c80000,0x00000000f3c3b198,0x00000000f5000000)
  to   space 39936K, 0% used [0x00000000f0200000,0x00000000f0200000,0x00000000f2900000)
 ParOldGen       total 209920K, used 85691K [0x00000000a0000000, 0x00000000acd00000, 0x00000000e0000000)
  object space 209920K, 40% used [0x00000000a0000000,0x00000000a53aeea0,0x00000000acd00000)
 Metaspace       used 83581K, capacity 90556K, committed 90900K, reserved 1128448K
  class space    used 10420K, capacity 11955K, committed 12092K, reserved 1048576K
}
Event: 2584.214 GC heap before
{Heap before GC invocations=89 (full 4):
 PSYoungGen      total 300544K, used 280300K [0x00000000e0000000, 0x00000000f5000000, 0x0000000100000000)
  eden space 264192K, 100% used [0x00000000e0000000,0x00000000f0200000,0x00000000f0200000)
  from space 36352K, 44% used [0x00000000f2c80000,0x00000000f3c3b198,0x00000000f5000000)
  to   space 39936K, 0% used [0x00000000f0200000,0x00000000f0200000,0x00000000f2900000)
 ParOldGen       total 209920K, used 85691K [0x00000000a0000000, 0x00000000acd00000, 0x00000000e0000000)
  object space 209920K, 40% used [0x00000000a0000000,0x00000000a53aeea0,0x00000000acd00000)
 Metaspace       used 83727K, capacity 90796K, committed 90900K, reserved 1128448K
  class space    used 10443K, capacity 12015K, committed 12092K, reserved 1048576K
Event: 2584.235 GC heap after
Heap after GC invocations=89 (full 4):
 PSYoungGen      total 304128K, used 29789K [0x00000000e0000000, 0x00000000f6100000, 0x0000000100000000)
  eden space 264192K, 0% used [0x00000000e0000000,0x00000000e0000000,0x00000000f0200000)
  from space 39936K, 74% used [0x00000000f0200000,0x00000000f1f17530,0x00000000f2900000)
  to   space 41984K, 0% used [0x00000000f3800000,0x00000000f3800000,0x00000000f6100000)
 ParOldGen       total 209920K, used 85715K [0x00000000a0000000, 0x00000000acd00000, 0x00000000e0000000)
  object space 209920K, 40% used [0x00000000a0000000,0x00000000a53b4ea0,0x00000000acd00000)
 Metaspace       used 83727K, capacity 90796K, committed 90900K, reserved 1128448K
  class space    used 10443K, capacity 12015K, committed 12092K, reserved 1048576K
}

