# JRE version: OpenJDK Runtime Environment (8.0_152-b01) (build 1.8.0_152-release-915-b01)
# Java VM: OpenJDK 64-Bit Server VM (25.152-b01 mixed mode windows-amd64 compressed oops)
Heap:
 PSYoungGen      total 154624K, used 69497K [0x00000000e0000000, 0x00000000f4500000, 0x0000000100000000)
  eden space 153600K, 44% used [0x00000000e0000000,0x00000000e434ea60,0x00000000e9600000)
  from space 1024K, 56% used [0x00000000e9a80000,0x00000000e9b0fcc0,0x00000000e9b80000)
  to   space 89600K, 0% used [0x00000000eed80000,0x00000000eed80000,0x00000000f4500000)
 ParOldGen       total 219136K, used 96916K [0x00000000a0000000, 0x00000000ad600000, 0x00000000e0000000)
  object space 219136K, 44% used [0x00000000a0000000,0x00000000a5ea52d8,0x00000000ad600000)
 Metaspace       used 91362K, capacity 99924K, committed 101848K, reserved 1136640K
  class space    used 11298K, capacity 13368K, committed 13824K, reserved 1048576K
GC Heap History (10 events):
Event: 12450.478 GC heap before
{Heap before GC invocations=129 (full 7):
 PSYoungGen      total 181248K, used 180862K [0x00000000e0000000, 0x00000000f6700000, 0x0000000100000000)
  eden space 173056K, 100% used [0x00000000e0000000,0x00000000ea900000,0x00000000ea900000)
  from space 8192K, 95% used [0x00000000eae80000,0x00000000eb61f880,0x00000000eb680000)
  to   space 97280K, 0% used [0x00000000f0800000,0x00000000f0800000,0x00000000f6700000)
 ParOldGen       total 228864K, used 205888K [0x00000000a0000000, 0x00000000adf80000, 0x00000000e0000000)
  object space 228864K, 89% used [0x00000000a0000000,0x00000000ac910018,0x00000000adf80000)
 Metaspace       used 91283K, capacity 99792K, committed 101720K, reserved 1136640K
  class space    used 11285K, capacity 13326K, committed 13696K, reserved 1048576K
Event: 12450.487 GC heap after
Heap after GC invocations=129 (full 7):
 PSYoungGen      total 258048K, used 4261K [0x00000000e0000000, 0x00000000f6000000, 0x0000000100000000)
  eden space 167936K, 0% used [0x00000000e0000000,0x00000000e0000000,0x00000000ea400000)
  from space 90112K, 4% used [0x00000000f0800000,0x00000000f0c29428,0x00000000f6000000)
  to   space 96256K, 0% used [0x00000000ea400000,0x00000000ea400000,0x00000000f0200000)
 ParOldGen       total 228864K, used 210153K [0x00000000a0000000, 0x00000000adf80000, 0x00000000e0000000)
  object space 228864K, 91% used [0x00000000a0000000,0x00000000acd3a480,0x00000000adf80000)
 Metaspace       used 91283K, capacity 99792K, committed 101720K, reserved 1136640K
  class space    used 11285K, capacity 13326K, committed 13696K, reserved 1048576K
}
Event: 12450.487 GC heap before
{Heap before GC invocations=130 (full 8):
 PSYoungGen      total 258048K, used 4261K [0x00000000e0000000, 0x00000000f6000000, 0x0000000100000000)
  eden space 167936K, 0% used [0x00000000e0000000,0x00000000e0000000,0x00000000ea400000)
  from space 90112K, 4% used [0x00000000f0800000,0x00000000f0c29428,0x00000000f6000000)
  to   space 96256K, 0% used [0x00000000ea400000,0x00000000ea400000,0x00000000f0200000)
 ParOldGen       total 228864K, used 210153K [0x00000000a0000000, 0x00000000adf80000, 0x00000000e0000000)
  object space 228864K, 91% used [0x00000000a0000000,0x00000000acd3a480,0x00000000adf80000)
 Metaspace       used 91283K, capacity 99792K, committed 101720K, reserved 1136640K
  class space    used 11285K, capacity 13326K, committed 13696K, reserved 1048576K
Event: 12450.680 GC heap after
Heap after GC invocations=130 (full 8):
 PSYoungGen      total 258048K, used 0K [0x00000000e0000000, 0x00000000f6000000, 0x0000000100000000)
  eden space 167936K, 0% used [0x00000000e0000000,0x00000000e0000000,0x00000000ea400000)
  from space 90112K, 0% used [0x00000000f0800000,0x00000000f0800000,0x00000000f6000000)
  to   space 96256K, 0% used [0x00000000ea400000,0x00000000ea400000,0x00000000f0200000)
 ParOldGen       total 219136K, used 94828K [0x00000000a0000000, 0x00000000ad600000, 0x00000000e0000000)
  object space 219136K, 43% used [0x00000000a0000000,0x00000000a5c9b288,0x00000000ad600000)
 Metaspace       used 91283K, capacity 99792K, committed 101720K, reserved 1136640K
  class space    used 11285K, capacity 13326K, committed 13696K, reserved 1048576K
}
Event: 12452.032 GC heap before
{Heap before GC invocations=131 (full 8):
 PSYoungGen      total 258048K, used 167936K [0x00000000e0000000, 0x00000000f6000000, 0x0000000100000000)
  eden space 167936K, 100% used [0x00000000e0000000,0x00000000ea400000,0x00000000ea400000)
  from space 90112K, 0% used [0x00000000f0800000,0x00000000f0800000,0x00000000f6000000)
  to   space 96256K, 0% used [0x00000000ea400000,0x00000000ea400000,0x00000000f0200000)
 ParOldGen       total 219136K, used 94828K [0x00000000a0000000, 0x00000000ad600000, 0x00000000e0000000)
  object space 219136K, 43% used [0x00000000a0000000,0x00000000a5c9b288,0x00000000ad600000)
 Metaspace       used 91285K, capacity 99796K, committed 101720K, reserved 1136640K
  class space    used 11285K, capacity 13326K, committed 13696K, reserved 1048576K
Event: 12452.040 GC heap after
Heap after GC invocations=131 (full 8):
 PSYoungGen      total 173568K, used 10684K [0x00000000e0000000, 0x00000000f5600000, 0x0000000100000000)
  eden space 162816K, 0% used [0x00000000e0000000,0x00000000e0000000,0x00000000e9f00000)
  from space 10752K, 99% used [0x00000000ea400000,0x00000000eae6f2d8,0x00000000eae80000)
  to   space 93696K, 0% used [0x00000000efa80000,0x00000000efa80000,0x00000000f5600000)
 ParOldGen       total 219136K, used 94828K [0x00000000a0000000, 0x00000000ad600000, 0x00000000e0000000)
  object space 219136K, 43% used [0x00000000a0000000,0x00000000a5c9b288,0x00000000ad600000)
 Metaspace       used 91285K, capacity 99796K, committed 101720K, reserved 1136640K
  class space    used 11285K, capacity 13326K, committed 13696K, reserved 1048576K
}
Event: 12454.762 GC heap before
{Heap before GC invocations=132 (full 8):
 PSYoungGen      total 173568K, used 172903K [0x00000000e0000000, 0x00000000f5600000, 0x0000000100000000)
  eden space 162816K, 99% used [0x00000000e0000000,0x00000000e9e6a968,0x00000000e9f00000)
  from space 10752K, 99% used [0x00000000ea400000,0x00000000eae6f2d8,0x00000000eae80000)
  to   space 93696K, 0% used [0x00000000efa80000,0x00000000efa80000,0x00000000f5600000)
 ParOldGen       total 219136K, used 94828K [0x00000000a0000000, 0x00000000ad600000, 0x00000000e0000000)
  object space 219136K, 43% used [0x00000000a0000000,0x00000000a5c9b288,0x00000000ad600000)
 Metaspace       used 91313K, capacity 99804K, committed 101720K, reserved 1136640K
  class space    used 11287K, capacity 13328K, committed 13696K, reserved 1048576K
Event: 12454.769 GC heap after
Heap after GC invocations=132 (full 8):
 PSYoungGen      total 242176K, used 6481K [0x00000000e0000000, 0x00000000f4c80000, 0x0000000100000000)
  eden space 158208K, 0% used [0x00000000e0000000,0x00000000e0000000,0x00000000e9a80000)
  from space 83968K, 7% used [0x00000000efa80000,0x00000000f00d45a0,0x00000000f4c80000)
  to   space 91136K, 0% used [0x00000000e9a80000,0x00000000e9a80000,0x00000000ef380000)
 ParOldGen       total 219136K, used 96700K [0x00000000a0000000, 0x00000000ad600000, 0x00000000e0000000)
  object space 219136K, 44% used [0x00000000a0000000,0x00000000a5e6f2c8,0x00000000ad600000)
 Metaspace       used 91313K, capacity 99804K, committed 101720K, reserved 1136640K
  class space    used 11287K, capacity 13328K, committed 13696K, reserved 1048576K
}
Event: 12456.629 GC heap before
{Heap before GC invocations=133 (full 8):
 PSYoungGen      total 242176K, used 164689K [0x00000000e0000000, 0x00000000f4c80000, 0x0000000100000000)
  eden space 158208K, 100% used [0x00000000e0000000,0x00000000e9a80000,0x00000000e9a80000)
  from space 83968K, 7% used [0x00000000efa80000,0x00000000f00d45a0,0x00000000f4c80000)
  to   space 91136K, 0% used [0x00000000e9a80000,0x00000000e9a80000,0x00000000ef380000)
 ParOldGen       total 219136K, used 96700K [0x00000000a0000000, 0x00000000ad600000, 0x00000000e0000000)
  object space 219136K, 44% used [0x00000000a0000000,0x00000000a5e6f2c8,0x00000000ad600000)
 Metaspace       used 91318K, capacity 99804K, committed 101720K, reserved 1136640K
  class space    used 11287K, capacity 13328K, committed 13696K, reserved 1048576K
Event: 12456.634 GC heap after
Heap after GC invocations=133 (full 8):
 PSYoungGen      total 154624K, used 575K [0x00000000e0000000, 0x00000000f4500000, 0x0000000100000000)
  eden space 153600K, 0% used [0x00000000e0000000,0x00000000e0000000,0x00000000e9600000)
  from space 1024K, 56% used [0x00000000e9a80000,0x00000000e9b0fcc0,0x00000000e9b80000)
  to   space 89600K, 0% used [0x00000000eed80000,0x00000000eed80000,0x00000000f4500000)
 ParOldGen       total 219136K, used 96916K [0x00000000a0000000, 0x00000000ad600000, 0x00000000e0000000)
  object space 219136K, 44% used [0x00000000a0000000,0x00000000a5ea52d8,0x00000000ad600000)
 Metaspace       used 91318K, capacity 99804K, committed 101720K, reserved 1136640K
  class space    used 11287K, capacity 13328K, committed 13696K, reserved 1048576K
}

