# JRE version: OpenJDK Runtime Environment (8.0_152-b01) (build 1.8.0_152-release-915-b01)
# Java VM: OpenJDK 64-Bit Server VM (25.152-b01 mixed mode windows-amd64 compressed oops)
Heap:
 PSYoungGen      total 209920K, used 23154K [0x00000000e0000000, 0x00000000f0200000, 0x0000000100000000)
  eden space 186368K, 0% used [0x00000000e0000000,0x00000000e0000000,0x00000000eb600000)
  from space 23552K, 98% used [0x00000000eeb00000,0x00000000f019c8e0,0x00000000f0200000)
  to   space 37376K, 0% used [0x00000000eb900000,0x00000000eb900000,0x00000000edd80000)
 ParOldGen       total 186368K, used 171731K [0x00000000a0000000, 0x00000000ab600000, 0x00000000e0000000)
  object space 186368K, 92% used [0x00000000a0000000,0x00000000aa7b4ec8,0x00000000ab600000)
 Metaspace       used 88041K, capacity 98282K, committed 98380K, reserved 1134592K
  class space    used 11272K, capacity 13795K, committed 13824K, reserved 1048576K
GC Heap History (10 events):
Event: 7692.838 GC heap after
Heap after GC invocations=143 (full 3):
 PSYoungGen      total 236032K, used 22128K [0x00000000e0000000, 0x00000000f0e00000, 0x0000000100000000)
  eden space 203776K, 0% used [0x00000000e0000000,0x00000000e0000000,0x00000000ec700000)
  from space 32256K, 68% used [0x00000000eee80000,0x00000000f041c020,0x00000000f0e00000)
  to   space 36352K, 0% used [0x00000000ec700000,0x00000000ec700000,0x00000000eea80000)
 ParOldGen       total 186368K, used 171444K [0x00000000a0000000, 0x00000000ab600000, 0x00000000e0000000)
  object space 186368K, 91% used [0x00000000a0000000,0x00000000aa76d0b8,0x00000000ab600000)
 Metaspace       used 87848K, capacity 98008K, committed 98304K, reserved 1134592K
  class space    used 11251K, capacity 13746K, committed 13824K, reserved 1048576K
}
Event: 7694.704 GC heap before
{Heap before GC invocations=144 (full 3):
 PSYoungGen      total 236032K, used 225904K [0x00000000e0000000, 0x00000000f0e00000, 0x0000000100000000)
  eden space 203776K, 100% used [0x00000000e0000000,0x00000000ec700000,0x00000000ec700000)
  from space 32256K, 68% used [0x00000000eee80000,0x00000000f041c020,0x00000000f0e00000)
  to   space 36352K, 0% used [0x00000000ec700000,0x00000000ec700000,0x00000000eea80000)
 ParOldGen       total 186368K, used 171444K [0x00000000a0000000, 0x00000000ab600000, 0x00000000e0000000)
  object space 186368K, 91% used [0x00000000a0000000,0x00000000aa76d0b8,0x00000000ab600000)
 Metaspace       used 87863K, capacity 98008K, committed 98304K, reserved 1134592K
  class space    used 11252K, capacity 13746K, committed 13824K, reserved 1048576K
Event: 7694.730 GC heap after
Heap after GC invocations=144 (full 3):
 PSYoungGen      total 240128K, used 31963K [0x00000000e0000000, 0x00000000f2780000, 0x0000000100000000)
  eden space 203776K, 0% used [0x00000000e0000000,0x00000000e0000000,0x00000000ec700000)
  from space 36352K, 87% used [0x00000000ec700000,0x00000000ee636f60,0x00000000eea80000)
  to   space 38912K, 0% used [0x00000000f0180000,0x00000000f0180000,0x00000000f2780000)
 ParOldGen       total 186368K, used 171476K [0x00000000a0000000, 0x00000000ab600000, 0x00000000e0000000)
  object space 186368K, 92% used [0x00000000a0000000,0x00000000aa7750b8,0x00000000ab600000)
 Metaspace       used 87863K, capacity 98008K, committed 98304K, reserved 1134592K
  class space    used 11252K, capacity 13746K, committed 13824K, reserved 1048576K
}
Event: 7723.990 GC heap before
{Heap before GC invocations=145 (full 3):
 PSYoungGen      total 240128K, used 235739K [0x00000000e0000000, 0x00000000f2780000, 0x0000000100000000)
  eden space 203776K, 100% used [0x00000000e0000000,0x00000000ec700000,0x00000000ec700000)
  from space 36352K, 87% used [0x00000000ec700000,0x00000000ee636f60,0x00000000eea80000)
  to   space 38912K, 0% used [0x00000000f0180000,0x00000000f0180000,0x00000000f2780000)
 ParOldGen       total 186368K, used 171476K [0x00000000a0000000, 0x00000000ab600000, 0x00000000e0000000)
  object space 186368K, 92% used [0x00000000a0000000,0x00000000aa7750b8,0x00000000ab600000)
 Metaspace       used 87923K, capacity 98128K, committed 98304K, reserved 1134592K
  class space    used 11263K, capacity 13786K, committed 13824K, reserved 1048576K
Event: 7724.016 GC heap after
Heap after GC invocations=145 (full 3):
 PSYoungGen      total 223232K, used 25376K [0x00000000e0000000, 0x00000000f1a80000, 0x0000000100000000)
  eden space 197632K, 0% used [0x00000000e0000000,0x00000000e0000000,0x00000000ec100000)
  from space 25600K, 99% used [0x00000000f0180000,0x00000000f1a48030,0x00000000f1a80000)
  to   space 38400K, 0% used [0x00000000ecf80000,0x00000000ecf80000,0x00000000ef500000)
 ParOldGen       total 186368K, used 171723K [0x00000000a0000000, 0x00000000ab600000, 0x00000000e0000000)
  object space 186368K, 92% used [0x00000000a0000000,0x00000000aa7b2ec8,0x00000000ab600000)
 Metaspace       used 87923K, capacity 98128K, committed 98304K, reserved 1134592K
  class space    used 11263K, capacity 13786K, committed 13824K, reserved 1048576K
}
Event: 7726.442 GC heap before
{Heap before GC invocations=146 (full 3):
 PSYoungGen      total 223232K, used 223008K [0x00000000e0000000, 0x00000000f1a80000, 0x0000000100000000)
  eden space 197632K, 100% used [0x00000000e0000000,0x00000000ec100000,0x00000000ec100000)
  from space 25600K, 99% used [0x00000000f0180000,0x00000000f1a48030,0x00000000f1a80000)
  to   space 38400K, 0% used [0x00000000ecf80000,0x00000000ecf80000,0x00000000ef500000)
 ParOldGen       total 186368K, used 171723K [0x00000000a0000000, 0x00000000ab600000, 0x00000000e0000000)
  object space 186368K, 92% used [0x00000000a0000000,0x00000000aa7b2ec8,0x00000000ab600000)
 Metaspace       used 87926K, capacity 98128K, committed 98304K, reserved 1134592K
  class space    used 11263K, capacity 13786K, committed 13824K, reserved 1048576K
Event: 7726.468 GC heap after
Heap after GC invocations=146 (full 3):
 PSYoungGen      total 220160K, used 28144K [0x00000000e0000000, 0x00000000f0780000, 0x0000000100000000)
  eden space 192000K, 0% used [0x00000000e0000000,0x00000000e0000000,0x00000000ebb80000)
  from space 28160K, 99% used [0x00000000ecf80000,0x00000000eeafc040,0x00000000eeb00000)
  to   space 29184K, 0% used [0x00000000eeb00000,0x00000000eeb00000,0x00000000f0780000)
 ParOldGen       total 186368K, used 171723K [0x00000000a0000000, 0x00000000ab600000, 0x00000000e0000000)
  object space 186368K, 92% used [0x00000000a0000000,0x00000000aa7b2ec8,0x00000000ab600000)
 Metaspace       used 87926K, capacity 98128K, committed 98304K, reserved 1134592K
  class space    used 11263K, capacity 13786K, committed 13824K, reserved 1048576K
}
Event: 7801.905 GC heap before
{Heap before GC invocations=147 (full 3):
 PSYoungGen      total 220160K, used 217272K [0x00000000e0000000, 0x00000000f0780000, 0x0000000100000000)
  eden space 192000K, 98% used [0x00000000e0000000,0x00000000eb8b2130,0x00000000ebb80000)
  from space 28160K, 99% used [0x00000000ecf80000,0x00000000eeafc040,0x00000000eeb00000)
  to   space 29184K, 0% used [0x00000000eeb00000,0x00000000eeb00000,0x00000000f0780000)
 ParOldGen       total 186368K, used 171723K [0x00000000a0000000, 0x00000000ab600000, 0x00000000e0000000)
  object space 186368K, 92% used [0x00000000a0000000,0x00000000aa7b2ec8,0x00000000ab600000)
 Metaspace       used 88041K, capacity 98282K, committed 98380K, reserved 1134592K
  class space    used 11272K, capacity 13795K, committed 13824K, reserved 1048576K
Event: 7801.923 GC heap after
Heap after GC invocations=147 (full 3):
 PSYoungGen      total 209920K, used 23154K [0x00000000e0000000, 0x00000000f0200000, 0x0000000100000000)
  eden space 186368K, 0% used [0x00000000e0000000,0x00000000e0000000,0x00000000eb600000)
  from space 23552K, 98% used [0x00000000eeb00000,0x00000000f019c8e0,0x00000000f0200000)
  to   space 37376K, 0% used [0x00000000eb900000,0x00000000eb900000,0x00000000edd80000)
 ParOldGen       total 186368K, used 171731K [0x00000000a0000000, 0x00000000ab600000, 0x00000000e0000000)
  object space 186368K, 92% used [0x00000000a0000000,0x00000000aa7b4ec8,0x00000000ab600000)
 Metaspace       used 88041K, capacity 98282K, committed 98380K, reserved 1134592K
  class space    used 11272K, capacity 13795K, committed 13824K, reserved 1048576K
}
Event: 7801.923 GC heap before
{Heap before GC invocations=148 (full 4):
 PSYoungGen      total 209920K, used 23154K [0x00000000e0000000, 0x00000000f0200000, 0x0000000100000000)
  eden space 186368K, 0% used [0x00000000e0000000,0x00000000e0000000,0x00000000eb600000)
  from space 23552K, 98% used [0x00000000eeb00000,0x00000000f019c8e0,0x00000000f0200000)
  to   space 37376K, 0% used [0x00000000eb900000,0x00000000eb900000,0x00000000edd80000)
 ParOldGen       total 186368K, used 171731K [0x00000000a0000000, 0x00000000ab600000, 0x00000000e0000000)
  object space 186368K, 92% used [0x00000000a0000000,0x00000000aa7b4ec8,0x00000000ab600000)
 Metaspace       used 88041K, capacity 98282K, committed 98380K, reserved 1134592K
  class space    used 11272K, capacity 13795K, committed 13824K, reserved 1048576K

