# JRE version: OpenJDK Runtime Environment (8.0_152-b01) (build 1.8.0_152-release-915-b01)
# Java VM: OpenJDK 64-Bit Server VM (25.152-b01 mixed mode windows-amd64 compressed oops)
Heap:
 PSYoungGen      total 475648K, used 411983K [0x00000000e0000000, 0x0000000100000000, 0x0000000100000000)
  eden space 431104K, 89% used [0x00000000e0000000,0x00000000f7a23758,0x00000000fa500000)
  from space 44544K, 55% used [0x00000000fd180000,0x00000000fe9b07f8,0x00000000ffd00000)
  to   space 45568K, 0% used [0x00000000fa500000,0x00000000fa500000,0x00000000fd180000)
 ParOldGen       total 232960K, used 128466K [0x00000000a0000000, 0x00000000ae380000, 0x00000000e0000000)
  object space 232960K, 55% used [0x00000000a0000000,0x00000000a7d74b58,0x00000000ae380000)
 Metaspace       used 103978K, capacity 109596K, committed 109656K, reserved 1144832K
  class space    used 12861K, capacity 14193K, committed 14208K, reserved 1048576K
GC Heap History (10 events):
Event: 983.109 GC heap before
{Heap before GC invocations=56 (full 6):
 PSYoungGen      total 429056K, used 428694K [0x00000000e0000000, 0x00000000ffb00000, 0x0000000100000000)
  eden space 415232K, 99% used [0x00000000e0000000,0x00000000f955fe50,0x00000000f9580000)
  from space 13824K, 98% used [0x00000000f9580000,0x00000000fa2c5a68,0x00000000fa300000)
  to   space 51200K, 0% used [0x00000000fc900000,0x00000000fc900000,0x00000000ffb00000)
 ParOldGen       total 232960K, used 111403K [0x00000000a0000000, 0x00000000ae380000, 0x00000000e0000000)
  object space 232960K, 47% used [0x00000000a0000000,0x00000000a6ccaf28,0x00000000ae380000)
 Metaspace       used 103369K, capacity 108968K, committed 109144K, reserved 1144832K
  class space    used 12844K, capacity 14145K, committed 14208K, reserved 1048576K
Event: 983.116 GC heap after
Heap after GC invocations=56 (full 6):
 PSYoungGen      total 470016K, used 6877K [0x00000000e0000000, 0x0000000100000000, 0x0000000100000000)
  eden space 418816K, 0% used [0x00000000e0000000,0x00000000e0000000,0x00000000f9900000)
  from space 51200K, 13% used [0x00000000fc900000,0x00000000fcfb7578,0x00000000ffb00000)
  to   space 49152K, 0% used [0x00000000f9900000,0x00000000f9900000,0x00000000fc900000)
 ParOldGen       total 232960K, used 115068K [0x00000000a0000000, 0x00000000ae380000, 0x00000000e0000000)
  object space 232960K, 49% used [0x00000000a0000000,0x00000000a705f390,0x00000000ae380000)
 Metaspace       used 103369K, capacity 108968K, committed 109144K, reserved 1144832K
  class space    used 12844K, capacity 14145K, committed 14208K, reserved 1048576K
}
Event: 983.199 GC heap before
{Heap before GC invocations=57 (full 6):
 PSYoungGen      total 470016K, used 425296K [0x00000000e0000000, 0x0000000100000000, 0x0000000100000000)
  eden space 418816K, 99% used [0x00000000e0000000,0x00000000f989cc28,0x00000000f9900000)
  from space 51200K, 13% used [0x00000000fc900000,0x00000000fcfb7578,0x00000000ffb00000)
  to   space 49152K, 0% used [0x00000000f9900000,0x00000000f9900000,0x00000000fc900000)
 ParOldGen       total 232960K, used 115068K [0x00000000a0000000, 0x00000000ae380000, 0x00000000e0000000)
  object space 232960K, 49% used [0x00000000a0000000,0x00000000a705f390,0x00000000ae380000)
 Metaspace       used 103369K, capacity 108968K, committed 109144K, reserved 1144832K
  class space    used 12844K, capacity 14145K, committed 14208K, reserved 1048576K
Event: 983.204 GC heap after
Heap after GC invocations=57 (full 6):
 PSYoungGen      total 467968K, used 64K [0x00000000e0000000, 0x00000000ffd00000, 0x0000000100000000)
  eden space 418816K, 0% used [0x00000000e0000000,0x00000000e0000000,0x00000000f9900000)
  from space 49152K, 0% used [0x00000000f9900000,0x00000000f9910000,0x00000000fc900000)
  to   space 48640K, 0% used [0x00000000fcd80000,0x00000000fcd80000,0x00000000ffd00000)
 ParOldGen       total 232960K, used 117959K [0x00000000a0000000, 0x00000000ae380000, 0x00000000e0000000)
  object space 232960K, 50% used [0x00000000a0000000,0x00000000a7331ef0,0x00000000ae380000)
 Metaspace       used 103369K, capacity 108968K, committed 109144K, reserved 1144832K
  class space    used 12844K, capacity 14145K, committed 14208K, reserved 1048576K
}
Event: 1314.423 GC heap before
{Heap before GC invocations=58 (full 6):
 PSYoungGen      total 467968K, used 418880K [0x00000000e0000000, 0x00000000ffd00000, 0x0000000100000000)
  eden space 418816K, 100% used [0x00000000e0000000,0x00000000f9900000,0x00000000f9900000)
  from space 49152K, 0% used [0x00000000f9900000,0x00000000f9910000,0x00000000fc900000)
  to   space 48640K, 0% used [0x00000000fcd80000,0x00000000fcd80000,0x00000000ffd00000)
 ParOldGen       total 232960K, used 117959K [0x00000000a0000000, 0x00000000ae380000, 0x00000000e0000000)
  object space 232960K, 50% used [0x00000000a0000000,0x00000000a7331ef0,0x00000000ae380000)
 Metaspace       used 103545K, capacity 109240K, committed 109400K, reserved 1144832K
  class space    used 12857K, capacity 14189K, committed 14208K, reserved 1048576K
Event: 1314.438 GC heap after
Heap after GC invocations=58 (full 6):
 PSYoungGen      total 472576K, used 7376K [0x00000000e0000000, 0x00000000ffa80000, 0x0000000100000000)
  eden space 426496K, 0% used [0x00000000e0000000,0x00000000e0000000,0x00000000fa080000)
  from space 46080K, 16% used [0x00000000fcd80000,0x00000000fd4b43b8,0x00000000ffa80000)
  to   space 46080K, 0% used [0x00000000fa080000,0x00000000fa080000,0x00000000fcd80000)
 ParOldGen       total 232960K, used 117991K [0x00000000a0000000, 0x00000000ae380000, 0x00000000e0000000)
  object space 232960K, 50% used [0x00000000a0000000,0x00000000a7339ef0,0x00000000ae380000)
 Metaspace       used 103545K, capacity 109240K, committed 109400K, reserved 1144832K
  class space    used 12857K, capacity 14189K, committed 14208K, reserved 1048576K
}
Event: 1344.671 GC heap before
{Heap before GC invocations=59 (full 6):
 PSYoungGen      total 472576K, used 433872K [0x00000000e0000000, 0x00000000ffa80000, 0x0000000100000000)
  eden space 426496K, 100% used [0x00000000e0000000,0x00000000fa080000,0x00000000fa080000)
  from space 46080K, 16% used [0x00000000fcd80000,0x00000000fd4b43b8,0x00000000ffa80000)
  to   space 46080K, 0% used [0x00000000fa080000,0x00000000fa080000,0x00000000fcd80000)
 ParOldGen       total 232960K, used 117991K [0x00000000a0000000, 0x00000000ae380000, 0x00000000e0000000)
  object space 232960K, 50% used [0x00000000a0000000,0x00000000a7339ef0,0x00000000ae380000)
 Metaspace       used 103625K, capacity 109314K, committed 109400K, reserved 1144832K
  class space    used 12858K, capacity 14190K, committed 14208K, reserved 1048576K
Event: 1344.684 GC heap after
Heap after GC invocations=59 (full 6):
 PSYoungGen      total 472576K, used 5072K [0x00000000e0000000, 0x00000000ffd00000, 0x0000000100000000)
  eden space 426496K, 0% used [0x00000000e0000000,0x00000000e0000000,0x00000000fa080000)
  from space 46080K, 11% used [0x00000000fa080000,0x00000000fa574040,0x00000000fcd80000)
  to   space 44544K, 0% used [0x00000000fd180000,0x00000000fd180000,0x00000000ffd00000)
 ParOldGen       total 232960K, used 123942K [0x00000000a0000000, 0x00000000ae380000, 0x00000000e0000000)
  object space 232960K, 53% used [0x00000000a0000000,0x00000000a7909a20,0x00000000ae380000)
 Metaspace       used 103625K, capacity 109314K, committed 109400K, reserved 1144832K
  class space    used 12858K, capacity 14190K, committed 14208K, reserved 1048576K
}
Event: 1347.824 GC heap before
{Heap before GC invocations=60 (full 6):
 PSYoungGen      total 472576K, used 431568K [0x00000000e0000000, 0x00000000ffd00000, 0x0000000100000000)
  eden space 426496K, 100% used [0x00000000e0000000,0x00000000fa080000,0x00000000fa080000)
  from space 46080K, 11% used [0x00000000fa080000,0x00000000fa574040,0x00000000fcd80000)
  to   space 44544K, 0% used [0x00000000fd180000,0x00000000fd180000,0x00000000ffd00000)
 ParOldGen       total 232960K, used 123942K [0x00000000a0000000, 0x00000000ae380000, 0x00000000e0000000)
  object space 232960K, 53% used [0x00000000a0000000,0x00000000a7909a20,0x00000000ae380000)
 Metaspace       used 103731K, capacity 109382K, committed 109400K, reserved 1144832K
  class space    used 12859K, capacity 14190K, committed 14208K, reserved 1048576K
Event: 1347.845 GC heap after
Heap after GC invocations=60 (full 6):
 PSYoungGen      total 475648K, used 24769K [0x00000000e0000000, 0x0000000100000000, 0x0000000100000000)
  eden space 431104K, 0% used [0x00000000e0000000,0x00000000e0000000,0x00000000fa500000)
  from space 44544K, 55% used [0x00000000fd180000,0x00000000fe9b07f8,0x00000000ffd00000)
  to   space 45568K, 0% used [0x00000000fa500000,0x00000000fa500000,0x00000000fd180000)
 ParOldGen       total 232960K, used 128466K [0x00000000a0000000, 0x00000000ae380000, 0x00000000e0000000)
  object space 232960K, 55% used [0x00000000a0000000,0x00000000a7d74b58,0x00000000ae380000)
 Metaspace       used 103731K, capacity 109382K, committed 109400K, reserved 1144832K
  class space    used 12859K, capacity 14190K, committed 14208K, reserved 1048576K
}

